Traceback (most recent call last):
  File "C:\Users\52377\AppData\Local\Programs\Python\Python313\Lib\site-packages\jupyter_core\utils\__init__.py", line 154, in wrapped
    asyncio.get_running_loop()
    ~~~~~~~~~~~~~~~~~~~~~~~~^^
RuntimeError: no running event loop

During handling of the above exception, another exception occurred:

Traceback (most recent call last):
  File "C:\Users\52377\AppData\Local\Programs\Python\Python313\Lib\site-packages\jupyter_cache\executors\utils.py", line 58, in single_nb_execution
    executenb(
    ~~~~~~~~~^
        nb,
        ^^^
    ...<4 lines>...
        **kwargs,
        ^^^^^^^^^
    )
    ^
  File "C:\Users\52377\AppData\Local\Programs\Python\Python313\Lib\site-packages\nbclient\client.py", line 1319, in execute
    return NotebookClient(nb=nb, resources=resources, km=km, **kwargs).execute()
           ~~~~~~~~~~~~~~~~~~~~~~~~~~~~~~~~~~~~~~~~~~~~~~~~~~~~~~~~~~~~~~~~~~~^^
  File "C:\Users\52377\AppData\Local\Programs\Python\Python313\Lib\site-packages\jupyter_core\utils\__init__.py", line 158, in wrapped
    return loop.run_until_complete(inner)
           ~~~~~~~~~~~~~~~~~~~~~~~^^^^^^^
  File "C:\Users\52377\AppData\Local\Programs\Python\Python313\Lib\asyncio\base_events.py", line 725, in run_until_complete
    return future.result()
           ~~~~~~~~~~~~~^^
  File "C:\Users\52377\AppData\Local\Programs\Python\Python313\Lib\site-packages\nbclient\client.py", line 709, in async_execute
    await self.async_execute_cell(
        cell, index, execution_count=self.code_cells_executed + 1
    )
  File "C:\Users\52377\AppData\Local\Programs\Python\Python313\Lib\site-packages\nbclient\client.py", line 1062, in async_execute_cell
    await self._check_raise_for_error(cell, cell_index, exec_reply)
  File "C:\Users\52377\AppData\Local\Programs\Python\Python313\Lib\site-packages\nbclient\client.py", line 918, in _check_raise_for_error
    raise CellExecutionError.from_cell_and_msg(cell, exec_reply_content)
nbclient.exceptions.CellExecutionError: An error occurred while executing the following cell:
------------------
items = ["446157", "2244", "CCO", "482752", "c1ccccc1"]

for q in items:
    if q.isdigit():
        info = pubchem_by_cid(int(q))
        smi, cid = info["smiles"], info["cid"]
    elif Chem is not None and Chem.MolFromSmiles(q):
        smi, cid = q, None
    else:
        info = pubchem_by_name(q)
        smi, cid = info["smiles"], info["cid"]
    print(f"input={q} CID={cid} SMILES={smi}")
    if Chem is not None:
        m = Chem.MolFromSmiles(smi)
        display(Draw.MolToImage(m, size=(220, 180)))
------------------

----- stdout -----
input=446157 CID=446157 SMILES=CC(C)C1=NC(=NC(=C1/C=C/[C@H](C[C@H](CC(=O)O)O)O)C2=CC=C(C=C2)F)N(C)S(=O)(=O)C
----- stdout -----
input=2244 CID=2244 SMILES=CC(=O)OC1=CC=CC=C1C(=O)O
----- stdout -----
input=CCO CID=None SMILES=CCO
------------------

[31m---------------------------------------------------------------------------[39m
[31mHTTPError[39m                                 Traceback (most recent call last)
[36mCell[39m[36m [39m[32mIn[32][39m[32m, line 5[39m
[32m      3[39m [38;5;28;01mfor[39;00m q [38;5;129;01min[39;00m items:
[32m      4[39m     [38;5;28;01mif[39;00m q.isdigit():
[32m----> [39m[32m5[39m         info = [43mpubchem_by_cid[49m[43m([49m[38;5;28;43mint[39;49m[43m([49m[43mq[49m[43m)[49m[43m)[49m
[32m      6[39m         smi, cid = info[[33m"[39m[33msmiles[39m[33m"[39m], info[[33m"[39m[33mcid[39m[33m"[39m]
[32m      7[39m     [38;5;28;01melif[39;00m Chem [38;5;129;01mis[39;00m [38;5;129;01mnot[39;00m [38;5;28;01mNone[39;00m [38;5;129;01mand[39;00m Chem.MolFromSmiles(q):

[36mCell[39m[36m [39m[32mIn[11][39m[32m, line 7[39m, in [36mpubchem_by_cid[39m[34m(cid, isomeric)[39m
[32m      5[39m smiles = safe_get_text(smi_url)
[32m      6[39m iupac_url = [33mf[39m[33m"[39m[33mhttps://pubchem.ncbi.nlm.nih.gov/rest/pug/compound/cid/[39m[38;5;132;01m{[39;00mcid[38;5;132;01m}[39;00m[33m/property/IUPACName/TXT[39m[33m"[39m
[32m----> [39m[32m7[39m iupac = [43msafe_get_text[49m[43m([49m[43miupac_url[49m[43m)[49m
[32m      8[39m inchikey_url = [33mf[39m[33m"[39m[33mhttps://pubchem.ncbi.nlm.nih.gov/rest/pug/compound/cid/[39m[38;5;132;01m{[39;00mcid[38;5;132;01m}[39;00m[33m/property/InChIKey/TXT[39m[33m"[39m
[32m      9[39m inchikey = safe_get_text(inchikey_url)

[36mCell[39m[36m [39m[32mIn[9][39m[32m, line 8[39m, in [36msafe_get_text[39m[34m(url, timeout)[39m
[32m      6[39m [38;5;28;01mdef[39;00m[38;5;250m [39m[34msafe_get_text[39m(url, timeout=[32m30[39m):
[32m      7[39m     r = requests.get(url, timeout=timeout)
[32m----> [39m[32m8[39m     [43mr[49m[43m.[49m[43mraise_for_status[49m[43m([49m[43m)[49m
[32m      9[39m     [38;5;28;01mreturn[39;00m r.text.strip()

[36mFile [39m[32m~\AppData\Local\Programs\Python\Python313\Lib\site-packages\requests\models.py:1026[39m, in [36mResponse.raise_for_status[39m[34m(self)[39m
[32m   1021[39m     http_error_msg = (
[32m   1022[39m         [33mf[39m[33m"[39m[38;5;132;01m{[39;00m[38;5;28mself[39m.status_code[38;5;132;01m}[39;00m[33m Server Error: [39m[38;5;132;01m{[39;00mreason[38;5;132;01m}[39;00m[33m for url: [39m[38;5;132;01m{[39;00m[38;5;28mself[39m.url[38;5;132;01m}[39;00m[33m"[39m
[32m   1023[39m     )
[32m   1025[39m [38;5;28;01mif[39;00m http_error_msg:
[32m-> [39m[32m1026[39m     [38;5;28;01mraise[39;00m HTTPError(http_error_msg, response=[38;5;28mself[39m)

[31mHTTPError[39m: 503 Server Error: PUGREST.ServerBusy for url: https://pubchem.ncbi.nlm.nih.gov/rest/pug/compound/cid/482752/property/IUPACName/TXT

