Traceback (most recent call last):
  File "C:\Users\52377\AppData\Local\Programs\Python\Python313\Lib\site-packages\jupyter_core\utils\__init__.py", line 154, in wrapped
    asyncio.get_running_loop()
    ~~~~~~~~~~~~~~~~~~~~~~~~^^
RuntimeError: no running event loop

During handling of the above exception, another exception occurred:

Traceback (most recent call last):
  File "C:\Users\52377\AppData\Local\Programs\Python\Python313\Lib\site-packages\jupyter_cache\executors\utils.py", line 58, in single_nb_execution
    executenb(
    ~~~~~~~~~^
        nb,
        ^^^
    ...<4 lines>...
        **kwargs,
        ^^^^^^^^^
    )
    ^
  File "C:\Users\52377\AppData\Local\Programs\Python\Python313\Lib\site-packages\nbclient\client.py", line 1319, in execute
    return NotebookClient(nb=nb, resources=resources, km=km, **kwargs).execute()
           ~~~~~~~~~~~~~~~~~~~~~~~~~~~~~~~~~~~~~~~~~~~~~~~~~~~~~~~~~~~~~~~~~~~^^
  File "C:\Users\52377\AppData\Local\Programs\Python\Python313\Lib\site-packages\jupyter_core\utils\__init__.py", line 158, in wrapped
    return loop.run_until_complete(inner)
           ~~~~~~~~~~~~~~~~~~~~~~~^^^^^^^
  File "C:\Users\52377\AppData\Local\Programs\Python\Python313\Lib\asyncio\base_events.py", line 725, in run_until_complete
    return future.result()
           ~~~~~~~~~~~~~^^
  File "C:\Users\52377\AppData\Local\Programs\Python\Python313\Lib\site-packages\nbclient\client.py", line 709, in async_execute
    await self.async_execute_cell(
        cell, index, execution_count=self.code_cells_executed + 1
    )
  File "C:\Users\52377\AppData\Local\Programs\Python\Python313\Lib\site-packages\nbclient\client.py", line 1062, in async_execute_cell
    await self._check_raise_for_error(cell, cell_index, exec_reply)
  File "C:\Users\52377\AppData\Local\Programs\Python\Python313\Lib\site-packages\nbclient\client.py", line 918, in _check_raise_for_error
    raise CellExecutionError.from_cell_and_msg(cell, exec_reply_content)
nbclient.exceptions.CellExecutionError: An error occurred while executing the following cell:
------------------
import deepchem as dc
tasks, datasets, transformers = dc.molnet.load_qm9(featurizer='Raw')
train_dataset, valid_dataset, test_dataset = datasets

def canonicalize_smiles(smi):
    if not smi: return None
    try:
        m = Chem.MolFromSmiles(smi, sanitize=False)
        if m is None: return None
        Chem.SanitizeMol(m)
        return Chem.MolToSmiles(m, canonical=True)
    except Exception:
        return None

def dataset_to_smiles(ds, max_n=None):
    out = []
    n = len(ds.X) if max_n is None else min(len(ds.X), max_n)
    for i in range(n):
        mol = ds.X[i]
        if mol is None: continue
        try:
            s = Chem.MolToSmiles(mol, canonical=True)
        except Exception:
            continue
        can = canonicalize_smiles(s)
        if can: out.append(can)
    return out

pool_smiles = list(dict.fromkeys(dataset_to_smiles(train_dataset, max_n=10000)))
len(pool_smiles)
------------------


[31m---------------------------------------------------------------------------[39m
[31mModuleNotFoundError[39m                       Traceback (most recent call last)
[36mCell[39m[36m [39m[32mIn[18][39m[32m, line 1[39m
[32m----> [39m[32m1[39m [38;5;28;01mimport[39;00m[38;5;250m [39m[34;01mdeepchem[39;00m[38;5;250m [39m[38;5;28;01mas[39;00m[38;5;250m [39m[34;01mdc[39;00m
[32m      2[39m tasks, datasets, transformers = dc.molnet.load_qm9(featurizer=[33m'[39m[33mRaw[39m[33m'[39m)
[32m      3[39m train_dataset, valid_dataset, test_dataset = datasets

[36mFile [39m[32m~\AppData\Local\Programs\Python\Python313\Lib\site-packages\deepchem\__init__.py:10[39m
[32m      8[39m [38;5;28;01mimport[39;00m[38;5;250m [39m[34;01mdeepchem[39;00m[34;01m.[39;00m[34;01mdata[39;00m
[32m      9[39m [38;5;28;01mimport[39;00m[38;5;250m [39m[34;01mdeepchem[39;00m[34;01m.[39;00m[34;01mfeat[39;00m
[32m---> [39m[32m10[39m [38;5;28;01mimport[39;00m[38;5;250m [39m[34;01mdeepchem[39;00m[34;01m.[39;00m[34;01mhyper[39;00m
[32m     11[39m [38;5;28;01mimport[39;00m[38;5;250m [39m[34;01mdeepchem[39;00m[34;01m.[39;00m[34;01mmetalearning[39;00m
[32m     12[39m [38;5;28;01mimport[39;00m[38;5;250m [39m[34;01mdeepchem[39;00m[34;01m.[39;00m[34;01mmetrics[39;00m

[36mFile [39m[32m~\AppData\Local\Programs\Python\Python313\Lib\site-packages\deepchem\hyper\__init__.py:2[39m
[32m      1[39m [38;5;66;03m# flake8: noqa[39;00m
[32m----> [39m[32m2[39m [38;5;28;01mfrom[39;00m[38;5;250m [39m[34;01mdeepchem[39;00m[34;01m.[39;00m[34;01mhyper[39;00m[34;01m.[39;00m[34;01mbase_classes[39;00m[38;5;250m [39m[38;5;28;01mimport[39;00m HyperparamOpt
[32m      3[39m [38;5;28;01mfrom[39;00m[38;5;250m [39m[34;01mdeepchem[39;00m[34;01m.[39;00m[34;01mhyper[39;00m[34;01m.[39;00m[34;01mgrid_search[39;00m[38;5;250m [39m[38;5;28;01mimport[39;00m GridHyperparamOpt
[32m      4[39m [38;5;28;01mfrom[39;00m[38;5;250m [39m[34;01mdeepchem[39;00m[34;01m.[39;00m[34;01mhyper[39;00m[34;01m.[39;00m[34;01mgaussian_process[39;00m[38;5;250m [39m[38;5;28;01mimport[39;00m GaussianProcessHyperparamOpt

[36mFile [39m[32m~\AppData\Local\Programs\Python\Python313\Lib\site-packages\deepchem\hyper\base_classes.py:5[39m
[32m      2[39m [38;5;28;01mfrom[39;00m[38;5;250m [39m[34;01mtyping[39;00m[38;5;250m [39m[38;5;28;01mimport[39;00m Any, Callable, Dict, List, Optional, Tuple
[32m      4[39m [38;5;28;01mfrom[39;00m[38;5;250m [39m[34;01mdeepchem[39;00m[34;01m.[39;00m[34;01mdata[39;00m[38;5;250m [39m[38;5;28;01mimport[39;00m Dataset
[32m----> [39m[32m5[39m [38;5;28;01mfrom[39;00m[38;5;250m [39m[34;01mdeepchem[39;00m[34;01m.[39;00m[34;01mtrans[39;00m[38;5;250m [39m[38;5;28;01mimport[39;00m Transformer
[32m      6[39m [38;5;28;01mfrom[39;00m[38;5;250m [39m[34;01mdeepchem[39;00m[34;01m.[39;00m[34;01mmodels[39;00m[38;5;250m [39m[38;5;28;01mimport[39;00m Model
[32m      7[39m [38;5;28;01mfrom[39;00m[38;5;250m [39m[34;01mdeepchem[39;00m[34;01m.[39;00m[34;01mmetrics[39;00m[38;5;250m [39m[38;5;28;01mimport[39;00m Metric

[36mFile [39m[32m~\AppData\Local\Programs\Python\Python313\Lib\site-packages\deepchem\trans\__init__.py:6[39m
[32m      1[39m [33;03m"""[39;00m
[32m      2[39m [33;03mGathers all transformers in one place for convenient imports[39;00m
[32m      3[39m [33;03m"""[39;00m
[32m      4[39m [38;5;66;03m# flake8: noqa[39;00m
[32m----> [39m[32m6[39m [38;5;28;01mfrom[39;00m[38;5;250m [39m[34;01mdeepchem[39;00m[34;01m.[39;00m[34;01mtrans[39;00m[34;01m.[39;00m[34;01mtransformers[39;00m[38;5;250m [39m[38;5;28;01mimport[39;00m undo_transforms
[32m      7[39m [38;5;28;01mfrom[39;00m[38;5;250m [39m[34;01mdeepchem[39;00m[34;01m.[39;00m[34;01mtrans[39;00m[34;01m.[39;00m[34;01mtransformers[39;00m[38;5;250m [39m[38;5;28;01mimport[39;00m undo_grad_transforms
[32m      8[39m [38;5;28;01mfrom[39;00m[38;5;250m [39m[34;01mdeepchem[39;00m[34;01m.[39;00m[34;01mtrans[39;00m[34;01m.[39;00m[34;01mtransformers[39;00m[38;5;250m [39m[38;5;28;01mimport[39;00m Transformer

[36mFile [39m[32m~\AppData\Local\Programs\Python\Python313\Lib\site-packages\deepchem\trans\transformers.py:13[39m
[32m     11[39m [38;5;28;01mimport[39;00m[38;5;250m [39m[34;01mscipy[39;00m
[32m     12[39m [38;5;28;01mimport[39;00m[38;5;250m [39m[34;01mscipy[39;00m[34;01m.[39;00m[34;01mndimage[39;00m
[32m---> [39m[32m13[39m [38;5;28;01mimport[39;00m[38;5;250m [39m[34;01mtensorflow[39;00m[38;5;250m [39m[38;5;28;01mas[39;00m[38;5;250m [39m[34;01mtf[39;00m
[32m     15[39m [38;5;28;01mimport[39;00m[38;5;250m [39m[34;01mdeepchem[39;00m[38;5;250m [39m[38;5;28;01mas[39;00m[38;5;250m [39m[34;01mdc[39;00m
[32m     16[39m [38;5;28;01mfrom[39;00m[38;5;250m [39m[34;01mdeepchem[39;00m[34;01m.[39;00m[34;01mdata[39;00m[38;5;250m [39m[38;5;28;01mimport[39;00m Dataset, NumpyDataset, DiskDataset

[31mModuleNotFoundError[39m: No module named 'tensorflow'

